;  LST file generated by mikroListExporter - v.2.0 
; Date/Time: 18/02/2021 17:11:29
;----------------------------------------------

;Address Opcode 	ASM
0x0000	0x2803      	GOTO       3
_main:
;Ex01.c,11 :: 		void main() {
;Ex01.c,12 :: 		TRISD = 0x00;
0x0003	0x1683      	BSF        STATUS, 5
0x0004	0x1303      	BCF        STATUS, 6
0x0005	0x0188      	CLRF       TRISD
;Ex01.c,13 :: 		PORTD = 0x02;
0x0006	0x3002      	MOVLW      2
0x0007	0x1283      	BCF        STATUS, 5
0x0008	0x0088      	MOVWF      PORTD
;Ex01.c,15 :: 		TRISB = 0xFF;
0x0009	0x30FF      	MOVLW      255
0x000A	0x1683      	BSF        STATUS, 5
0x000B	0x0086      	MOVWF      TRISB
;Ex01.c,17 :: 		while(1){
L_main0:
;Ex01.c,18 :: 		if(!btn1) led1 = 1;
0x000C	0x1283      	BCF        STATUS, 5
0x000D	0x1806      	BTFSC      PORTB, 0
0x000E	0x2811      	GOTO       L_main2
0x000F	0x1408      	BSF        PORTD, 0
0x0010	0x2812      	GOTO       L_main3
L_main2:
;Ex01.c,19 :: 		else led1 = 0;
0x0011	0x1008      	BCF        PORTD, 0
L_main3:
;Ex01.c,21 :: 		if(!btn2) led2 = 0;
0x0012	0x1886      	BTFSC      PORTB, 1
0x0013	0x2816      	GOTO       L_main4
0x0014	0x1088      	BCF        PORTD, 1
0x0015	0x2817      	GOTO       L_main5
L_main4:
;Ex01.c,22 :: 		else led2 = 1;
0x0016	0x1488      	BSF        PORTD, 1
L_main5:
;Ex01.c,24 :: 		if(!btn3) {
0x0017	0x1906      	BTFSC      PORTB, 2
0x0018	0x281C      	GOTO       L_main6
;Ex01.c,25 :: 		led3 = 1;
0x0019	0x1508      	BSF        PORTD, 2
;Ex01.c,26 :: 		led4 = 1;
0x001A	0x1588      	BSF        PORTD, 3
;Ex01.c,27 :: 		}else {
0x001B	0x281E      	GOTO       L_main7
L_main6:
;Ex01.c,28 :: 		led3 = 0;
0x001C	0x1108      	BCF        PORTD, 2
;Ex01.c,29 :: 		led4 = 0;
0x001D	0x1188      	BCF        PORTD, 3
;Ex01.c,30 :: 		}
L_main7:
;Ex01.c,31 :: 		}
0x001E	0x280C      	GOTO       L_main0
;Ex01.c,32 :: 		}
L_end_main:
0x001F	0x281F      	GOTO       $+0
; end of _main
Symbol List:
//** Routines locations **
//ADDRESS    SIZE    PROCEDURE
//----------------------------------------------
0x0003      [29]    _main
//** Variables locations ** 
//ADDRESS    SIZE    VARIABLE
//----------------------------------------------
0x0000       [1]    INDF
0x0003       [1]    STATUS
0x0004       [1]    FSR
0x0006       [1]    PORTB
0x0008       [1]    PORTD
0x000A       [1]    PCLATH
0x0020       [2]    ___DoICPAddr
0x0070       [1]    R0
0x0071       [1]    R1
0x0072       [1]    R2
0x0073       [1]    R3
0x0074       [1]    R4
0x0075       [1]    R5
0x0076       [1]    R6
0x0077       [1]    R7
0x0078       [1]    R8
0x0079       [1]    R9
0x007A       [1]    R10
0x007B       [1]    R11
0x007C       [1]    R12
0x007D       [1]    R13
0x007E       [1]    R14
0x007F       [1]    R15
0x0086       [1]    TRISB
0x0088       [1]    TRISD
